2025-09-16 16:29:12 | INFO | Logging to file: logs/project_log.log
2025-09-16 16:29:12 | INFO | Log sanitization enabled, personal info removed
2025-09-16 16:29:12 | INFO | Project root: C:/Users/USER/Documents/datastream-01/buzzline-04-hanson
2025-09-16 16:29:12 | INFO | Data folder: C:/Users/USER/Documents/datastream-01/buzzline-04-hanson/data
2025-09-16 16:29:12 | INFO | Data file: C:/Users/USER/Documents/datastream-01/buzzline-04-hanson/data/buzz_live.json
2025-09-16 16:29:12 | INFO | START producer...
2025-09-16 16:29:12 | INFO | Hit CTRL c (or CMD c) to close.
2025-09-16 16:29:12 | INFO | Message interval: 3 seconds
2025-09-16 16:29:12 | INFO | {'message': 'I just found an app! It was boring.', 'author': 'Charlie'}
2025-09-16 16:29:15 | INFO | {'message': 'I just loved a meme! It was funny.', 'author': 'Bob'}
2025-09-16 16:29:18 | INFO | {'message': 'I just found a trick! It was funny.', 'author': 'Bob'}
2025-09-16 16:29:21 | INFO | {'message': 'I just shared a meme! It was amazing.', 'author': 'Eve'}
2025-09-16 16:29:24 | INFO | {'message': 'I just saw a story! It was funny.', 'author': 'Eve'}
2025-09-16 16:29:27 | INFO | {'message': 'I just found a story! It was weird.', 'author': 'Bob'}
2025-09-16 16:29:30 | INFO | {'message': 'I just loved a meme! It was exciting.', 'author': 'Bob'}
2025-09-16 16:29:33 | INFO | {'message': 'I just loved a movie! It was weird.', 'author': 'Eve'}
2025-09-16 16:29:36 | INFO | {'message': 'I just saw an app! It was exciting.', 'author': 'Bob'}
2025-09-16 16:29:39 | INFO | {'message': 'I just loved a movie! It was boring.', 'author': 'Charlie'}
2025-09-16 16:29:42 | INFO | {'message': 'I just found a movie! It was boring.', 'author': 'Eve'}
2025-09-16 16:29:45 | INFO | {'message': 'I just loved a meme! It was funny.', 'author': 'Alice'}
2025-09-16 16:29:46 | INFO | Logging to file: logs/project_log.log
2025-09-16 16:29:46 | INFO | Log sanitization enabled, personal info removed
2025-09-16 16:29:46 | INFO | Project root: C:/Users/USER/Documents/datastream-01/buzzline-04-hanson
2025-09-16 16:29:46 | INFO | Data folder: C:/Users/USER/Documents/datastream-01/buzzline-04-hanson/data
2025-09-16 16:29:46 | INFO | Data file: C:/Users/USER/Documents/datastream-01/buzzline-04-hanson/data/buzz_live.json
2025-09-16 16:29:47 | INFO | START consumer.
2025-09-16 16:29:48 | INFO | {'message': 'I just saw a story! It was weird.', 'author': 'Bob'}
2025-09-16 16:29:48 | INFO | Processed JSON message: {'message': 'I just saw a story! It was weird.', 'author': 'Bob'}
2025-09-16 16:29:48 | INFO | Message received from author: Bob
2025-09-16 16:29:48 | INFO | Updated author counts: {'Bob': 1}
2025-09-16 16:29:48 | INFO | Chart updated successfully for message: {"message": "I just saw a story! It was weird.", "author": "Bob"}

2025-09-16 16:29:51 | INFO | {'message': 'I just loved a meme! It was weird.', 'author': 'Eve'}
2025-09-16 16:29:51 | INFO | Processed JSON message: {'message': 'I just loved a meme! It was weird.', 'author': 'Eve'}
2025-09-16 16:29:51 | INFO | Message received from author: Eve
2025-09-16 16:29:51 | INFO | Updated author counts: {'Bob': 1, 'Eve': 1}
2025-09-16 16:29:52 | INFO | Chart updated successfully for message: {"message": "I just loved a meme! It was weird.", "author": "Eve"}

2025-09-16 16:29:54 | INFO | {'message': 'I just saw a movie! It was funny.', 'author': 'Alice'}
2025-09-16 16:29:55 | INFO | Processed JSON message: {'message': 'I just saw a movie! It was funny.', 'author': 'Alice'}
2025-09-16 16:29:55 | INFO | Message received from author: Alice
2025-09-16 16:29:55 | INFO | Updated author counts: {'Bob': 1, 'Eve': 1, 'Alice': 1}
2025-09-16 16:29:55 | INFO | Chart updated successfully for message: {"message": "I just saw a movie! It was funny.", "author": "Alice"}

2025-09-16 16:29:57 | INFO | {'message': 'I just tried a movie! It was boring.', 'author': 'Charlie'}
2025-09-16 16:29:58 | INFO | Processed JSON message: {'message': 'I just tried a movie! It was boring.', 'author': 'Charlie'}
2025-09-16 16:29:58 | INFO | Message received from author: Charlie
2025-09-16 16:29:58 | INFO | Updated author counts: {'Bob': 1, 'Eve': 1, 'Alice': 1, 'Charlie': 1}
2025-09-16 16:29:58 | INFO | Chart updated successfully for message: {"message": "I just tried a movie! It was boring.", "author": "Charlie"}

2025-09-16 16:30:00 | INFO | {'message': 'I just saw a movie! It was boring.', 'author': 'Charlie'}
2025-09-16 16:30:01 | INFO | Processed JSON message: {'message': 'I just saw a movie! It was boring.', 'author': 'Charlie'}
2025-09-16 16:30:01 | INFO | Message received from author: Charlie
2025-09-16 16:30:01 | INFO | Updated author counts: {'Bob': 1, 'Eve': 1, 'Alice': 1, 'Charlie': 2}
2025-09-16 16:30:01 | INFO | Chart updated successfully for message: {"message": "I just saw a movie! It was boring.", "author": "Charlie"}

2025-09-16 16:30:03 | INFO | {'message': 'I just saw a story! It was funny.', 'author': 'Bob'}
2025-09-16 16:30:04 | INFO | Processed JSON message: {'message': 'I just saw a story! It was funny.', 'author': 'Bob'}
2025-09-16 16:30:04 | INFO | Message received from author: Bob
2025-09-16 16:30:04 | INFO | Updated author counts: {'Bob': 2, 'Eve': 1, 'Alice': 1, 'Charlie': 2}
2025-09-16 16:30:04 | INFO | Chart updated successfully for message: {"message": "I just saw a story! It was funny.", "author": "Bob"}

2025-09-16 16:30:06 | INFO | {'message': 'I just loved an app! It was amazing.', 'author': 'Eve'}
2025-09-16 16:30:07 | INFO | Processed JSON message: {'message': 'I just loved an app! It was amazing.', 'author': 'Eve'}
2025-09-16 16:30:07 | INFO | Message received from author: Eve
2025-09-16 16:30:07 | INFO | Updated author counts: {'Bob': 2, 'Eve': 2, 'Alice': 1, 'Charlie': 2}
2025-09-16 16:30:07 | INFO | Chart updated successfully for message: {"message": "I just loved an app! It was amazing.", "author": "Eve"}

2025-09-16 16:30:09 | INFO | {'message': 'I just loved a meme! It was weird.', 'author': 'Eve'}
2025-09-16 16:30:10 | INFO | Processed JSON message: {'message': 'I just loved a meme! It was weird.', 'author': 'Eve'}
2025-09-16 16:30:10 | INFO | Message received from author: Eve
2025-09-16 16:30:10 | INFO | Updated author counts: {'Bob': 2, 'Eve': 3, 'Alice': 1, 'Charlie': 2}
2025-09-16 16:30:10 | INFO | Chart updated successfully for message: {"message": "I just loved a meme! It was weird.", "author": "Eve"}

2025-09-16 16:30:12 | INFO | {'message': 'I just saw a movie! It was boring.', 'author': 'Charlie'}
2025-09-16 16:30:12 | INFO | Processed JSON message: {'message': 'I just saw a movie! It was boring.', 'author': 'Charlie'}
2025-09-16 16:30:12 | INFO | Message received from author: Charlie
2025-09-16 16:30:12 | INFO | Updated author counts: {'Bob': 2, 'Eve': 3, 'Alice': 1, 'Charlie': 3}
2025-09-16 16:30:12 | INFO | Chart updated successfully for message: {"message": "I just saw a movie! It was boring.", "author": "Charlie"}

2025-09-16 16:30:15 | INFO | {'message': 'I just found a story! It was weird.', 'author': 'Eve'}
2025-09-16 16:30:15 | INFO | Processed JSON message: {'message': 'I just found a story! It was weird.', 'author': 'Eve'}
2025-09-16 16:30:15 | INFO | Message received from author: Eve
2025-09-16 16:30:15 | INFO | Updated author counts: {'Bob': 2, 'Eve': 4, 'Alice': 1, 'Charlie': 3}
2025-09-16 16:30:15 | INFO | Chart updated successfully for message: {"message": "I just found a story! It was weird.", "author": "Eve"}

2025-09-16 16:30:18 | INFO | {'message': 'I just tried an app! It was funny.', 'author': 'Eve'}
2025-09-16 16:30:18 | INFO | Processed JSON message: {'message': 'I just tried an app! It was funny.', 'author': 'Eve'}
2025-09-16 16:30:18 | INFO | Message received from author: Eve
2025-09-16 16:30:18 | INFO | Updated author counts: {'Bob': 2, 'Eve': 5, 'Alice': 1, 'Charlie': 3}
2025-09-16 16:30:18 | INFO | Chart updated successfully for message: {"message": "I just tried an app! It was funny.", "author": "Eve"}

2025-09-16 16:30:21 | INFO | Consumer interrupted by user.
2025-09-16 16:30:21 | INFO | {'message': 'I just saw a movie! It was amazing.', 'author': 'Alice'}
2025-09-16 16:30:24 | INFO | {'message': 'I just found a trick! It was boring.', 'author': 'Eve'}
2025-09-16 16:30:27 | INFO | {'message': 'I just loved a meme! It was amazing.', 'author': 'Alice'}
2025-09-16 16:30:30 | INFO | {'message': 'I just found a story! It was weird.', 'author': 'Alice'}
2025-09-16 16:30:33 | INFO | {'message': 'I just loved a movie! It was amazing.', 'author': 'Alice'}
2025-09-16 16:30:36 | INFO | {'message': 'I just shared a meme! It was funny.', 'author': 'Bob'}
2025-09-16 16:30:39 | INFO | {'message': 'I just saw a meme! It was amazing.', 'author': 'Charlie'}
2025-09-16 16:30:42 | INFO | {'message': 'I just tried a movie! It was exciting.', 'author': 'Alice'}
2025-09-16 16:30:44 | WARNING | Producer interrupted by user.
2025-09-16 16:30:44 | INFO | Producer shutting down.
2025-09-21 19:06:21 | INFO | Logging to file: logs/project_log.log
2025-09-21 19:06:21 | INFO | Log sanitization enabled, personal info removed
2025-09-21 19:06:21 | INFO | Project root: C:/Users/USER/Documents/datastream-01/buzzline-04-hanson
2025-09-21 19:06:21 | INFO | Data folder: C:/Users/USER/Documents/datastream-01/buzzline-04-hanson/data
2025-09-21 19:06:21 | INFO | Data file: C:/Users/USER/Documents/datastream-01/buzzline-04-hanson/data/buzz_live.json
2025-09-21 19:06:21 | INFO | START producer...
2025-09-21 19:06:21 | INFO | Hit CTRL c (or CMD c) to close.
2025-09-21 19:06:21 | INFO | Message interval: 3 seconds
2025-09-21 19:06:21 | INFO | {'message': 'I just saw an app! It was boring.', 'author': 'Charlie'}
2025-09-21 19:06:24 | INFO | {'message': 'I just saw an app! It was boring.', 'author': 'Charlie'}
2025-09-21 19:06:27 | INFO | {'message': 'I just shared a movie! It was funny.', 'author': 'Alice'}
2025-09-21 19:06:30 | INFO | {'message': 'I just saw a meme! It was weird.', 'author': 'Charlie'}
2025-09-21 19:06:33 | INFO | {'message': 'I just shared an app! It was amazing.', 'author': 'Bob'}
2025-09-21 19:06:36 | INFO | {'message': 'I just loved a movie! It was funny.', 'author': 'Bob'}
2025-09-21 19:06:39 | INFO | {'message': 'I just tried a movie! It was weird.', 'author': 'Bob'}
2025-09-21 19:06:42 | INFO | {'message': 'I just shared a movie! It was exciting.', 'author': 'Charlie'}
2025-09-21 19:06:45 | INFO | {'message': 'I just shared a movie! It was funny.', 'author': 'Alice'}
2025-09-21 19:06:48 | INFO | {'message': 'I just tried a movie! It was boring.', 'author': 'Charlie'}
2025-09-21 19:06:51 | INFO | {'message': 'I just tried a movie! It was boring.', 'author': 'Alice'}
2025-09-21 19:06:53 | WARNING | Producer interrupted by user.
2025-09-21 19:06:53 | INFO | Producer shutting down.
2025-09-21 19:07:31 | INFO | Logging to file: logs/project_log.log
2025-09-21 19:07:31 | INFO | Log sanitization enabled, personal info removed
2025-09-21 19:07:31 | INFO | Project root: C:/Users/USER/Documents/datastream-01/buzzline-04-hanson
2025-09-21 19:07:31 | INFO | Data folder: C:/Users/USER/Documents/datastream-01/buzzline-04-hanson/data
2025-09-21 19:07:31 | INFO | Data file: C:/Users/USER/Documents/datastream-01/buzzline-04-hanson/data/buzz_live.json
2025-09-21 19:07:31 | INFO | START producer...
2025-09-21 19:07:31 | INFO | Hit CTRL c (or CMD c) to close.
2025-09-21 19:07:31 | INFO | Message interval: 3 seconds
2025-09-21 19:07:31 | INFO | {'message': 'I just loved a trick! It was weird.', 'author': 'Charlie'}
2025-09-21 19:07:34 | INFO | {'message': 'I just loved a trick! It was amazing.', 'author': 'Alice'}
2025-09-21 19:07:37 | INFO | {'message': 'I just found a movie! It was exciting.', 'author': 'Eve'}
2025-09-21 19:07:40 | INFO | {'message': 'I just tried a meme! It was amazing.', 'author': 'Alice'}
2025-09-21 19:07:43 | INFO | {'message': 'I just loved a story! It was weird.', 'author': 'Charlie'}
2025-09-21 19:07:46 | INFO | {'message': 'I just tried a movie! It was exciting.', 'author': 'Bob'}
2025-09-21 19:07:49 | INFO | {'message': 'I just shared a movie! It was boring.', 'author': 'Bob'}
2025-09-21 19:07:52 | INFO | {'message': 'I just tried a movie! It was weird.', 'author': 'Eve'}
2025-09-21 19:07:55 | INFO | {'message': 'I just shared a story! It was weird.', 'author': 'Bob'}
2025-09-21 19:07:58 | INFO | {'message': 'I just tried a movie! It was boring.', 'author': 'Bob'}
2025-09-21 19:08:01 | INFO | {'message': 'I just tried a meme! It was funny.', 'author': 'Bob'}
2025-09-21 19:08:04 | INFO | {'message': 'I just saw a movie! It was exciting.', 'author': 'Eve'}
2025-09-21 19:08:07 | INFO | {'message': 'I just found a meme! It was funny.', 'author': 'Alice'}
2025-09-21 19:08:10 | INFO | {'message': 'I just loved a movie! It was weird.', 'author': 'Alice'}
2025-09-21 19:08:13 | INFO | {'message': 'I just loved an app! It was weird.', 'author': 'Eve'}
2025-09-21 19:08:16 | INFO | {'message': 'I just tried an app! It was weird.', 'author': 'Alice'}
2025-09-21 19:08:19 | INFO | {'message': 'I just tried a trick! It was weird.', 'author': 'Alice'}
2025-09-21 19:08:22 | INFO | {'message': 'I just shared a meme! It was exciting.', 'author': 'Bob'}
2025-09-21 19:08:25 | INFO | {'message': 'I just saw a meme! It was funny.', 'author': 'Eve'}
2025-09-21 19:08:28 | INFO | {'message': 'I just shared an app! It was boring.', 'author': 'Bob'}
2025-09-21 19:08:31 | INFO | {'message': 'I just shared a movie! It was weird.', 'author': 'Bob'}
2025-09-21 19:08:34 | INFO | {'message': 'I just found a story! It was boring.', 'author': 'Bob'}
2025-09-21 19:08:37 | INFO | {'message': 'I just loved an app! It was boring.', 'author': 'Eve'}
2025-09-21 19:08:40 | INFO | {'message': 'I just loved a trick! It was boring.', 'author': 'Alice'}
2025-09-21 19:08:43 | INFO | {'message': 'I just found a movie! It was weird.', 'author': 'Bob'}
2025-09-21 19:08:46 | INFO | {'message': 'I just saw a story! It was amazing.', 'author': 'Eve'}
2025-09-21 19:08:49 | INFO | {'message': 'I just found a story! It was amazing.', 'author': 'Eve'}
2025-09-21 19:08:52 | INFO | {'message': 'I just shared a movie! It was boring.', 'author': 'Eve'}
2025-09-21 19:08:55 | INFO | {'message': 'I just tried a story! It was exciting.', 'author': 'Charlie'}
2025-09-21 19:08:58 | INFO | Logging to file: logs/project_log.log
2025-09-21 19:08:58 | INFO | Log sanitization enabled, personal info removed
2025-09-21 19:08:58 | INFO | Project root: C:/Users/USER/Documents/datastream-01/buzzline-04-hanson
2025-09-21 19:08:58 | INFO | Data folder: C:/Users/USER/Documents/datastream-01/buzzline-04-hanson/data
2025-09-21 19:08:58 | INFO | Data file: C:/Users/USER/Documents/datastream-01/buzzline-04-hanson/data/buzz_live.json
2025-09-21 19:08:58 | INFO | {'message': 'I just found a trick! It was funny.', 'author': 'Alice'}
2025-09-21 19:08:59 | INFO | START consumer.
2025-09-21 19:09:01 | INFO | {'message': 'I just tried an app! It was weird.', 'author': 'Charlie'}
2025-09-21 19:09:02 | INFO | Processed JSON message: {'message': 'I just tried an app! It was weird.', 'author': 'Charlie'}
2025-09-21 19:09:02 | INFO | Message received from author: Charlie
2025-09-21 19:09:02 | INFO | Updated author counts: {'Charlie': 1}
2025-09-21 19:09:02 | INFO | Chart updated successfully for message: {"message": "I just tried an app! It was weird.", "author": "Charlie"}

2025-09-21 19:09:04 | INFO | {'message': 'I just shared a movie! It was boring.', 'author': 'Eve'}
2025-09-21 19:09:04 | INFO | Processed JSON message: {'message': 'I just shared a movie! It was boring.', 'author': 'Eve'}
2025-09-21 19:09:04 | INFO | Message received from author: Eve
2025-09-21 19:09:04 | INFO | Updated author counts: {'Charlie': 1, 'Eve': 1}
2025-09-21 19:09:04 | INFO | Chart updated successfully for message: {"message": "I just shared a movie! It was boring.", "author": "Eve"}

2025-09-21 19:09:07 | INFO | {'message': 'I just tried a meme! It was amazing.', 'author': 'Charlie'}
2025-09-21 19:09:07 | INFO | Processed JSON message: {'message': 'I just tried a meme! It was amazing.', 'author': 'Charlie'}
2025-09-21 19:09:07 | INFO | Message received from author: Charlie
2025-09-21 19:09:07 | INFO | Updated author counts: {'Charlie': 2, 'Eve': 1}
2025-09-21 19:09:07 | INFO | Chart updated successfully for message: {"message": "I just tried a meme! It was amazing.", "author": "Charlie"}

2025-09-21 19:09:10 | INFO | {'message': 'I just tried a trick! It was amazing.', 'author': 'Eve'}
2025-09-21 19:09:10 | INFO | Processed JSON message: {'message': 'I just tried a trick! It was amazing.', 'author': 'Eve'}
2025-09-21 19:09:10 | INFO | Message received from author: Eve
2025-09-21 19:09:10 | INFO | Updated author counts: {'Charlie': 2, 'Eve': 2}
2025-09-21 19:09:11 | INFO | Chart updated successfully for message: {"message": "I just tried a trick! It was amazing.", "author": "Eve"}

2025-09-21 19:09:13 | INFO | {'message': 'I just saw an app! It was exciting.', 'author': 'Alice'}
2025-09-21 19:09:14 | INFO | Processed JSON message: {'message': 'I just saw an app! It was exciting.', 'author': 'Alice'}
2025-09-21 19:09:14 | INFO | Message received from author: Alice
2025-09-21 19:09:14 | INFO | Updated author counts: {'Charlie': 2, 'Eve': 2, 'Alice': 1}
2025-09-21 19:09:14 | INFO | Chart updated successfully for message: {"message": "I just saw an app! It was exciting.", "author": "Alice"}

2025-09-21 19:09:16 | INFO | {'message': 'I just loved a movie! It was boring.', 'author': 'Charlie'}
2025-09-21 19:09:17 | INFO | Processed JSON message: {'message': 'I just loved a movie! It was boring.', 'author': 'Charlie'}
2025-09-21 19:09:17 | INFO | Message received from author: Charlie
2025-09-21 19:09:17 | INFO | Updated author counts: {'Charlie': 3, 'Eve': 2, 'Alice': 1}
2025-09-21 19:09:17 | INFO | Chart updated successfully for message: {"message": "I just loved a movie! It was boring.", "author": "Charlie"}

2025-09-21 19:09:19 | INFO | {'message': 'I just loved a meme! It was exciting.', 'author': 'Charlie'}
2025-09-21 19:09:20 | INFO | Processed JSON message: {'message': 'I just loved a meme! It was exciting.', 'author': 'Charlie'}
2025-09-21 19:09:20 | INFO | Message received from author: Charlie
2025-09-21 19:09:20 | INFO | Updated author counts: {'Charlie': 4, 'Eve': 2, 'Alice': 1}
2025-09-21 19:09:20 | INFO | Chart updated successfully for message: {"message": "I just loved a meme! It was exciting.", "author": "Charlie"}

2025-09-21 19:09:22 | INFO | {'message': 'I just shared a story! It was amazing.', 'author': 'Alice'}
2025-09-21 19:09:23 | INFO | Processed JSON message: {'message': 'I just shared a story! It was amazing.', 'author': 'Alice'}
2025-09-21 19:09:23 | INFO | Message received from author: Alice
2025-09-21 19:09:23 | INFO | Updated author counts: {'Charlie': 4, 'Eve': 2, 'Alice': 2}
2025-09-21 19:09:23 | INFO | Chart updated successfully for message: {"message": "I just shared a story! It was amazing.", "author": "Alice"}

2025-09-21 19:09:23 | INFO | Consumer interrupted by user.
2025-09-21 19:09:25 | INFO | {'message': 'I just loved a meme! It was amazing.', 'author': 'Alice'}
2025-09-21 19:09:25 | INFO | Consumer closed.
2025-09-21 19:09:28 | INFO | {'message': 'I just found an app! It was funny.', 'author': 'Charlie'}
2025-09-21 19:09:31 | INFO | {'message': 'I just shared a movie! It was funny.', 'author': 'Alice'}
2025-09-21 19:09:34 | INFO | {'message': 'I just found a story! It was exciting.', 'author': 'Bob'}
2025-09-21 19:09:37 | INFO | {'message': 'I just shared a meme! It was funny.', 'author': 'Alice'}
2025-09-21 19:09:40 | INFO | {'message': 'I just saw an app! It was exciting.', 'author': 'Bob'}
2025-09-21 19:09:43 | INFO | {'message': 'I just loved an app! It was funny.', 'author': 'Bob'}
2025-09-21 19:09:46 | INFO | {'message': 'I just tried a meme! It was amazing.', 'author': 'Bob'}
2025-09-21 19:09:49 | INFO | {'message': 'I just tried a trick! It was exciting.', 'author': 'Charlie'}
2025-09-21 19:09:52 | INFO | {'message': 'I just tried a meme! It was exciting.', 'author': 'Eve'}
2025-09-21 19:09:55 | INFO | {'message': 'I just loved an app! It was boring.', 'author': 'Bob'}
2025-09-21 19:09:58 | INFO | {'message': 'I just loved a meme! It was funny.', 'author': 'Alice'}
2025-09-21 19:10:01 | INFO | {'message': 'I just found a trick! It was weird.', 'author': 'Charlie'}
2025-09-21 19:10:04 | INFO | {'message': 'I just loved a meme! It was exciting.', 'author': 'Bob'}
2025-09-21 19:10:07 | INFO | {'message': 'I just saw a trick! It was weird.', 'author': 'Alice'}
2025-09-21 19:10:09 | WARNING | Producer interrupted by user.
2025-09-21 19:10:09 | INFO | Producer shutting down.
2025-09-21 19:10:20 | INFO | Logging to file: logs/project_log.log
2025-09-21 19:10:20 | INFO | Log sanitization enabled, personal info removed
2025-09-21 19:10:20 | INFO | Project root: C:/Users/USER/Documents/datastream-01/buzzline-04-hanson
2025-09-21 19:10:20 | INFO | Data folder: C:/Users/USER/Documents/datastream-01/buzzline-04-hanson/data
2025-09-21 19:10:20 | INFO | Data file: C:/Users/USER/Documents/datastream-01/buzzline-04-hanson/data/buzz.json
2025-09-21 19:10:20 | INFO | START producer.
2025-09-21 19:10:20 | INFO | Kafka broker address: localhost:9092
2025-09-21 19:10:20 | INFO | Kafka is ready. Brokers: {'throttle_time_ms': 0, 'brokers': [{'node_id': 1, 'host': 'localhost', 'port': 9092, 'rack': None}], 'cluster_id': 'HgK16oaASYSw0OdYOPF66A', 'controller_id': 1}
2025-09-21 19:10:20 | INFO | Kafka topic: buzzline_json
2025-09-21 19:10:20 | INFO | Message interval: 3 seconds
2025-09-21 19:10:20 | INFO | Kafka broker address: localhost:9092
2025-09-21 19:10:20 | INFO | Connecting to Kafka broker at localhost:9092...
2025-09-21 19:10:20 | INFO | Kafka producer successfully created.
2025-09-21 19:10:20 | INFO | Kafka broker address: localhost:9092
2025-09-21 19:10:21 | INFO | Topic 'buzzline_json' already exists. Recreating fresh...
2025-09-21 19:10:21 | INFO | Requested deletion of topic 'buzzline_json'.
2025-09-21 19:10:21 | INFO | Topic 'buzzline_json' created successfully.
2025-09-21 19:10:21 | INFO | Kafka topic 'buzzline_json' is ready.
2025-09-21 19:10:21 | INFO | Starting message production to topic 'buzzline_json'...
2025-09-21 19:10:21 | INFO | Opening data file in read mode: C:/Users/USER/Documents/datastream-01/buzzline-04-hanson/data/buzz.json
2025-09-21 19:10:21 | INFO | Reading data from file: C:/Users/USER/Documents/datastream-01/buzzline-04-hanson/data/buzz.json
2025-09-21 19:10:21 | INFO | Sent message to topic 'buzzline_json': {'message': 'Data engineering is my passion.', 'author': 'Eve'}
2025-09-21 19:10:24 | INFO | Sent message to topic 'buzzline_json': {'message': 'Distributed systems are fascinating.', 'author': 'Alice'}
2025-09-21 19:10:27 | INFO | Sent message to topic 'buzzline_json': {'message': 'Have a great day!', 'author': 'Charlie'}
2025-09-21 19:10:30 | INFO | Sent message to topic 'buzzline_json': {'message': 'Data engineering is my passion.', 'author': 'Alice'}
2025-09-21 19:10:33 | INFO | Sent message to topic 'buzzline_json': {'message': 'Distributed systems are fascinating.', 'author': 'Diana'}
2025-09-21 19:10:33 | INFO | Logging to file: logs/project_log.log
2025-09-21 19:10:33 | INFO | Log sanitization enabled, personal info removed
2025-09-21 19:10:33 | INFO | START consumer.
2025-09-21 19:10:33 | INFO | Kafka topic: buzzline_json
2025-09-21 19:10:33 | INFO | Kafka consumer group id: buzz_group
2025-09-21 19:10:33 | INFO | Consumer: Topic 'buzzline_json' and group 'buzz_group'...
2025-09-21 19:10:33 | INFO | Kafka broker address: localhost:9092
2025-09-21 19:10:33 | INFO | Creating Kafka consumer. Topic='buzzline_json' and group ID='buzz_group'.
2025-09-21 19:10:33 | INFO | Kafka consumer created successfully.
2025-09-21 19:10:33 | INFO | Polling messages from topic 'buzzline_json'...
2025-09-21 19:10:33 | ERROR | Error while consuming messages: Invalid file descriptor: -1
2025-09-21 19:10:33 | INFO | Kafka consumer for topic 'buzzline_json' closed.
2025-09-21 19:10:33 | INFO | END consumer for topic 'buzzline_json' and group 'buzz_group'.
2025-09-21 19:10:36 | INFO | Sent message to topic 'buzzline_json': {'message': 'Buzz messages for everyone.', 'author': 'Alice'}
2025-09-21 19:10:39 | INFO | Sent message to topic 'buzzline_json': {'message': 'Hello, Kafka world!', 'author': 'Diana'}
2025-09-21 19:10:42 | INFO | Sent message to topic 'buzzline_json': {'message': 'This is a buzz message.', 'author': 'Eve'}
2025-09-21 19:10:45 | INFO | Sent message to topic 'buzzline_json': {'message': 'JSON makes life easier.', 'author': 'Eve'}
2025-09-21 19:10:48 | INFO | Sent message to topic 'buzzline_json': {'message': 'JSON makes life easier.', 'author': 'Alice'}
2025-09-21 19:10:51 | INFO | Sent message to topic 'buzzline_json': {'message': 'Data engineering is my passion.', 'author': 'Diana'}
2025-09-21 19:10:54 | INFO | Sent message to topic 'buzzline_json': {'message': 'JSON makes life easier.', 'author': 'Diana'}
2025-09-21 19:10:57 | INFO | Sent message to topic 'buzzline_json': {'message': 'Kafka is awesome.', 'author': 'Charlie'}
2025-09-21 19:11:00 | INFO | Sent message to topic 'buzzline_json': {'message': 'JSON makes life easier.', 'author': 'Bob'}
2025-09-21 19:11:03 | INFO | Sent message to topic 'buzzline_json': {'message': 'I love Python!', 'author': 'Bob'}
2025-09-21 19:11:06 | INFO | Sent message to topic 'buzzline_json': {'message': 'This is a buzz message.', 'author': 'Eve'}
2025-09-21 19:11:09 | INFO | Sent message to topic 'buzzline_json': {'message': 'I love Python!', 'author': 'Eve'}
2025-09-21 19:11:12 | INFO | Sent message to topic 'buzzline_json': {'message': 'Buzz messages for everyone.', 'author': 'Alice'}
2025-09-21 19:11:15 | INFO | Sent message to topic 'buzzline_json': {'message': 'This is a buzz message.', 'author': 'Alice'}
2025-09-21 19:11:18 | INFO | Sent message to topic 'buzzline_json': {'message': 'Data engineering is my passion.', 'author': 'Diana'}
2025-09-21 19:11:21 | INFO | Sent message to topic 'buzzline_json': {'message': 'I love Python!', 'author': 'Eve'}
2025-09-21 19:11:24 | INFO | Sent message to topic 'buzzline_json': {'message': 'JSON makes life easier.', 'author': 'Charlie'}
2025-09-21 19:11:27 | INFO | Sent message to topic 'buzzline_json': {'message': 'Have a great day!', 'author': 'Bob'}
2025-09-21 19:11:30 | INFO | Sent message to topic 'buzzline_json': {'message': 'Data engineering is my passion.', 'author': 'Alice'}
2025-09-21 19:11:31 | INFO | Logging to file: logs/project_log.log
2025-09-21 19:11:31 | INFO | Log sanitization enabled, personal info removed
2025-09-21 19:11:31 | INFO | START consumer.
2025-09-21 19:11:31 | INFO | Kafka topic: buzzline_json
2025-09-21 19:11:31 | INFO | Kafka consumer group id: buzz_group
2025-09-21 19:11:31 | INFO | Consumer: Topic 'buzzline_json' and group 'buzz_group'...
2025-09-21 19:11:31 | INFO | Kafka broker address: localhost:9092
2025-09-21 19:11:31 | INFO | Creating Kafka consumer. Topic='buzzline_json' and group ID='buzz_group'.
2025-09-21 19:11:32 | INFO | Kafka consumer created successfully.
2025-09-21 19:11:32 | INFO | Polling messages from topic 'buzzline_json'...
2025-09-21 19:11:32 | ERROR | Error while consuming messages: Invalid file descriptor: -1
2025-09-21 19:11:33 | INFO | Sent message to topic 'buzzline_json': {'message': 'Kafka is awesome.', 'author': 'Diana'}
2025-09-21 19:11:35 | INFO | Kafka consumer for topic 'buzzline_json' closed.
2025-09-21 19:11:35 | INFO | END consumer for topic 'buzzline_json' and group 'buzz_group'.
2025-09-21 19:11:36 | INFO | Sent message to topic 'buzzline_json': {'message': 'Kafka is awesome.', 'author': 'Diana'}
2025-09-21 19:11:39 | INFO | Sent message to topic 'buzzline_json': {'message': 'Hello, Kafka world!', 'author': 'Bob'}
2025-09-21 19:11:42 | INFO | Sent message to topic 'buzzline_json': {'message': 'Distributed systems are fascinating.', 'author': 'Diana'}
2025-09-21 19:11:45 | INFO | Sent message to topic 'buzzline_json': {'message': 'I love Python!', 'author': 'Diana'}
2025-09-21 19:11:48 | INFO | Sent message to topic 'buzzline_json': {'message': 'Have a great day!', 'author': 'Alice'}
2025-09-21 19:11:49 | WARNING | Producer interrupted by user.
2025-09-21 19:11:49 | INFO | Kafka producer closed.
2025-09-21 19:11:49 | INFO | END producer.
2025-09-21 19:13:16 | INFO | Logging to file: logs/project_log.log
2025-09-21 19:13:16 | INFO | Log sanitization enabled, personal info removed
2025-09-21 19:13:16 | INFO | Project root: C:/Users/USER/Documents/datastream-01/buzzline-04-hanson
2025-09-21 19:13:16 | INFO | Data folder: C:/Users/USER/Documents/datastream-01/buzzline-04-hanson/data
2025-09-21 19:13:16 | INFO | Data file: C:/Users/USER/Documents/datastream-01/buzzline-04-hanson/data/buzz.json
2025-09-21 19:13:16 | INFO | START producer.
2025-09-21 19:13:16 | INFO | Kafka broker address: localhost:9092
2025-09-21 19:13:17 | INFO | Kafka is ready. Brokers: {'throttle_time_ms': 0, 'brokers': [{'node_id': 1, 'host': 'localhost', 'port': 9092, 'rack': None}], 'cluster_id': 'HgK16oaASYSw0OdYOPF66A', 'controller_id': 1}
2025-09-21 19:13:17 | INFO | Kafka topic: buzzline_json
2025-09-21 19:13:17 | INFO | Message interval: 3 seconds
2025-09-21 19:13:17 | INFO | Kafka broker address: localhost:9092
2025-09-21 19:13:17 | INFO | Connecting to Kafka broker at localhost:9092...
2025-09-21 19:13:17 | INFO | Kafka producer successfully created.
2025-09-21 19:13:17 | INFO | Kafka broker address: localhost:9092
2025-09-21 19:13:17 | INFO | Topic 'buzzline_json' already exists. Recreating fresh...
2025-09-21 19:13:17 | INFO | Requested deletion of topic 'buzzline_json'.
2025-09-21 19:13:17 | INFO | Topic 'buzzline_json' created successfully.
2025-09-21 19:13:17 | INFO | Kafka topic 'buzzline_json' is ready.
2025-09-21 19:13:17 | INFO | Starting message production to topic 'buzzline_json'...
2025-09-21 19:13:17 | INFO | Opening data file in read mode: C:/Users/USER/Documents/datastream-01/buzzline-04-hanson/data/buzz.json
2025-09-21 19:13:17 | INFO | Reading data from file: C:/Users/USER/Documents/datastream-01/buzzline-04-hanson/data/buzz.json
2025-09-21 19:13:17 | INFO | Sent message to topic 'buzzline_json': {'message': 'Data engineering is my passion.', 'author': 'Eve'}
2025-09-21 19:13:20 | INFO | Sent message to topic 'buzzline_json': {'message': 'Distributed systems are fascinating.', 'author': 'Alice'}
2025-09-21 19:13:23 | INFO | Sent message to topic 'buzzline_json': {'message': 'Have a great day!', 'author': 'Charlie'}
2025-09-21 19:13:26 | INFO | Sent message to topic 'buzzline_json': {'message': 'Data engineering is my passion.', 'author': 'Alice'}
2025-09-21 19:13:29 | INFO | Sent message to topic 'buzzline_json': {'message': 'Distributed systems are fascinating.', 'author': 'Diana'}
2025-09-21 19:13:32 | INFO | Sent message to topic 'buzzline_json': {'message': 'Buzz messages for everyone.', 'author': 'Alice'}
2025-09-21 19:13:33 | INFO | Logging to file: logs/project_log.log
2025-09-21 19:13:33 | INFO | Log sanitization enabled, personal info removed
2025-09-21 19:13:33 | INFO | START consumer.
2025-09-21 19:13:33 | INFO | Kafka topic: buzzline_json
2025-09-21 19:13:33 | INFO | Kafka consumer group id: buzz_group
2025-09-21 19:13:33 | INFO | Consumer: Topic 'buzzline_json' and group 'buzz_group'...
2025-09-21 19:13:33 | INFO | Kafka broker address: localhost:9092
2025-09-21 19:13:33 | INFO | Creating Kafka consumer. Topic='buzzline_json' and group ID='buzz_group'.
2025-09-21 19:13:33 | INFO | Kafka consumer created successfully.
2025-09-21 19:13:33 | INFO | Polling messages from topic 'buzzline_json'...
2025-09-21 19:13:35 | INFO | Sent message to topic 'buzzline_json': {'message': 'Hello, Kafka world!', 'author': 'Diana'}
2025-09-21 19:13:36 | INFO | Processed JSON message: {'message': 'Data engineering is my passion.', 'author': 'Eve'}
2025-09-21 19:13:36 | INFO | Message received from author: Eve
2025-09-21 19:13:36 | INFO | Updated author counts: {'Eve': 1}
2025-09-21 19:13:37 | INFO | Chart updated successfully for message: {"message": "Data engineering is my passion.", "author": "Eve"}
2025-09-21 19:13:37 | INFO | Processed JSON message: {'message': 'Distributed systems are fascinating.', 'author': 'Alice'}
2025-09-21 19:13:37 | INFO | Message received from author: Alice
2025-09-21 19:13:37 | INFO | Updated author counts: {'Eve': 1, 'Alice': 1}
2025-09-21 19:13:37 | INFO | Chart updated successfully for message: {"message": "Distributed systems are fascinating.", "author": "Alice"}
2025-09-21 19:13:37 | INFO | Processed JSON message: {'message': 'Have a great day!', 'author': 'Charlie'}
2025-09-21 19:13:37 | INFO | Message received from author: Charlie
2025-09-21 19:13:37 | INFO | Updated author counts: {'Eve': 1, 'Alice': 1, 'Charlie': 1}
2025-09-21 19:13:37 | INFO | Chart updated successfully for message: {"message": "Have a great day!", "author": "Charlie"}
2025-09-21 19:13:37 | INFO | Processed JSON message: {'message': 'Data engineering is my passion.', 'author': 'Alice'}
2025-09-21 19:13:37 | INFO | Message received from author: Alice
2025-09-21 19:13:37 | INFO | Updated author counts: {'Eve': 1, 'Alice': 2, 'Charlie': 1}
2025-09-21 19:13:37 | INFO | Chart updated successfully for message: {"message": "Data engineering is my passion.", "author": "Alice"}
2025-09-21 19:13:37 | INFO | Processed JSON message: {'message': 'Distributed systems are fascinating.', 'author': 'Diana'}
2025-09-21 19:13:37 | INFO | Message received from author: Diana
2025-09-21 19:13:37 | INFO | Updated author counts: {'Eve': 1, 'Alice': 2, 'Charlie': 1, 'Diana': 1}
2025-09-21 19:13:37 | INFO | Chart updated successfully for message: {"message": "Distributed systems are fascinating.", "author": "Diana"}
2025-09-21 19:13:37 | INFO | Processed JSON message: {'message': 'Buzz messages for everyone.', 'author': 'Alice'}
2025-09-21 19:13:37 | INFO | Message received from author: Alice
2025-09-21 19:13:37 | INFO | Updated author counts: {'Eve': 1, 'Alice': 3, 'Charlie': 1, 'Diana': 1}
2025-09-21 19:13:37 | INFO | Chart updated successfully for message: {"message": "Buzz messages for everyone.", "author": "Alice"}
2025-09-21 19:13:37 | INFO | Processed JSON message: {'message': 'Hello, Kafka world!', 'author': 'Diana'}
2025-09-21 19:13:37 | INFO | Message received from author: Diana
2025-09-21 19:13:37 | INFO | Updated author counts: {'Eve': 1, 'Alice': 3, 'Charlie': 1, 'Diana': 2}
2025-09-21 19:13:37 | INFO | Chart updated successfully for message: {"message": "Hello, Kafka world!", "author": "Diana"}
2025-09-21 19:13:38 | INFO | Sent message to topic 'buzzline_json': {'message': 'This is a buzz message.', 'author': 'Eve'}
2025-09-21 19:13:38 | INFO | Processed JSON message: {'message': 'This is a buzz message.', 'author': 'Eve'}
2025-09-21 19:13:38 | INFO | Message received from author: Eve
2025-09-21 19:13:38 | INFO | Updated author counts: {'Eve': 2, 'Alice': 3, 'Charlie': 1, 'Diana': 2}
2025-09-21 19:13:38 | INFO | Chart updated successfully for message: {"message": "This is a buzz message.", "author": "Eve"}
2025-09-21 19:13:41 | INFO | Sent message to topic 'buzzline_json': {'message': 'JSON makes life easier.', 'author': 'Eve'}
2025-09-21 19:13:41 | INFO | Processed JSON message: {'message': 'JSON makes life easier.', 'author': 'Eve'}
2025-09-21 19:13:41 | INFO | Message received from author: Eve
2025-09-21 19:13:41 | INFO | Updated author counts: {'Eve': 3, 'Alice': 3, 'Charlie': 1, 'Diana': 2}
2025-09-21 19:13:41 | INFO | Chart updated successfully for message: {"message": "JSON makes life easier.", "author": "Eve"}
2025-09-21 19:13:44 | INFO | Sent message to topic 'buzzline_json': {'message': 'JSON makes life easier.', 'author': 'Alice'}
2025-09-21 19:13:44 | INFO | Processed JSON message: {'message': 'JSON makes life easier.', 'author': 'Alice'}
2025-09-21 19:13:44 | INFO | Message received from author: Alice
2025-09-21 19:13:44 | INFO | Updated author counts: {'Eve': 3, 'Alice': 4, 'Charlie': 1, 'Diana': 2}
2025-09-21 19:13:44 | INFO | Chart updated successfully for message: {"message": "JSON makes life easier.", "author": "Alice"}
2025-09-21 19:13:47 | INFO | Sent message to topic 'buzzline_json': {'message': 'Data engineering is my passion.', 'author': 'Diana'}
2025-09-21 19:13:47 | INFO | Processed JSON message: {'message': 'Data engineering is my passion.', 'author': 'Diana'}
2025-09-21 19:13:47 | INFO | Message received from author: Diana
2025-09-21 19:13:47 | INFO | Updated author counts: {'Eve': 3, 'Alice': 4, 'Charlie': 1, 'Diana': 3}
2025-09-21 19:13:47 | INFO | Chart updated successfully for message: {"message": "Data engineering is my passion.", "author": "Diana"}
2025-09-21 19:13:49 | WARNING | Consumer interrupted by user.
2025-09-21 19:13:49 | INFO | Kafka consumer for topic 'buzzline_json' closed.
2025-09-21 19:13:49 | INFO | END consumer for topic 'buzzline_json' and group 'buzz_group'.
2025-09-21 19:13:50 | INFO | Sent message to topic 'buzzline_json': {'message': 'JSON makes life easier.', 'author': 'Diana'}
2025-09-21 19:13:53 | INFO | Sent message to topic 'buzzline_json': {'message': 'Kafka is awesome.', 'author': 'Charlie'}
2025-09-21 19:13:56 | INFO | Sent message to topic 'buzzline_json': {'message': 'JSON makes life easier.', 'author': 'Bob'}
2025-09-21 19:13:59 | INFO | Sent message to topic 'buzzline_json': {'message': 'I love Python!', 'author': 'Bob'}
2025-09-21 19:14:02 | INFO | Sent message to topic 'buzzline_json': {'message': 'This is a buzz message.', 'author': 'Eve'}
2025-09-21 19:14:05 | INFO | Sent message to topic 'buzzline_json': {'message': 'I love Python!', 'author': 'Eve'}
2025-09-21 19:14:08 | INFO | Sent message to topic 'buzzline_json': {'message': 'Buzz messages for everyone.', 'author': 'Alice'}
2025-09-21 19:14:11 | INFO | Sent message to topic 'buzzline_json': {'message': 'This is a buzz message.', 'author': 'Alice'}
2025-09-21 19:14:14 | INFO | Sent message to topic 'buzzline_json': {'message': 'Data engineering is my passion.', 'author': 'Diana'}
2025-09-21 19:14:17 | INFO | Sent message to topic 'buzzline_json': {'message': 'I love Python!', 'author': 'Eve'}
2025-09-21 19:14:20 | INFO | Sent message to topic 'buzzline_json': {'message': 'JSON makes life easier.', 'author': 'Charlie'}
2025-09-21 19:14:23 | INFO | Sent message to topic 'buzzline_json': {'message': 'Have a great day!', 'author': 'Bob'}
2025-09-21 19:14:26 | INFO | Sent message to topic 'buzzline_json': {'message': 'Data engineering is my passion.', 'author': 'Alice'}
2025-09-21 19:14:29 | INFO | Sent message to topic 'buzzline_json': {'message': 'Kafka is awesome.', 'author': 'Diana'}
2025-09-21 19:14:32 | INFO | Sent message to topic 'buzzline_json': {'message': 'Kafka is awesome.', 'author': 'Diana'}
2025-09-21 19:14:35 | INFO | Sent message to topic 'buzzline_json': {'message': 'Hello, Kafka world!', 'author': 'Bob'}
2025-09-21 19:14:38 | INFO | Sent message to topic 'buzzline_json': {'message': 'Distributed systems are fascinating.', 'author': 'Diana'}
2025-09-21 19:14:41 | INFO | Sent message to topic 'buzzline_json': {'message': 'I love Python!', 'author': 'Diana'}
2025-09-21 19:14:44 | INFO | Sent message to topic 'buzzline_json': {'message': 'Have a great day!', 'author': 'Alice'}
2025-09-21 19:14:47 | INFO | Sent message to topic 'buzzline_json': {'message': 'Hello, Kafka world!', 'author': 'Charlie'}
2025-09-21 19:14:50 | INFO | Sent message to topic 'buzzline_json': {'message': 'JSON makes life easier.', 'author': 'Diana'}
2025-09-21 19:14:53 | INFO | Sent message to topic 'buzzline_json': {'message': 'I love Python!', 'author': 'Bob'}
2025-09-21 19:14:56 | INFO | Sent message to topic 'buzzline_json': {'message': 'Have a great day!', 'author': 'Diana'}
2025-09-21 19:14:59 | INFO | Sent message to topic 'buzzline_json': {'message': 'Hello, Kafka world!', 'author': 'Alice'}
2025-09-21 19:15:02 | INFO | Sent message to topic 'buzzline_json': {'message': 'JSON makes life easier.', 'author': 'Alice'}
2025-09-21 19:15:05 | INFO | Sent message to topic 'buzzline_json': {'message': 'Buzz messages for everyone.', 'author': 'Charlie'}
2025-09-21 19:15:08 | INFO | Sent message to topic 'buzzline_json': {'message': 'Buzz messages for everyone.', 'author': 'Bob'}
2025-09-21 19:15:11 | INFO | Sent message to topic 'buzzline_json': {'message': 'Streaming data is fun.', 'author': 'Diana'}
2025-09-21 19:15:14 | INFO | Sent message to topic 'buzzline_json': {'message': 'Have a great day!', 'author': 'Diana'}
2025-09-21 19:15:17 | INFO | Sent message to topic 'buzzline_json': {'message': 'I love Python!', 'author': 'Alice'}
2025-09-21 19:15:20 | INFO | Sent message to topic 'buzzline_json': {'message': 'Streaming data is fun.', 'author': 'Charlie'}
2025-09-21 19:15:23 | INFO | Sent message to topic 'buzzline_json': {'message': 'Kafka is awesome.', 'author': 'Alice'}
2025-09-21 19:15:26 | INFO | Sent message to topic 'buzzline_json': {'message': 'Kafka is awesome.', 'author': 'Diana'}
2025-09-21 19:15:29 | INFO | Sent message to topic 'buzzline_json': {'message': 'Kafka is awesome.', 'author': 'Alice'}
2025-09-21 19:15:32 | INFO | Sent message to topic 'buzzline_json': {'message': 'JSON makes life easier.', 'author': 'Bob'}
2025-09-21 19:15:35 | INFO | Sent message to topic 'buzzline_json': {'message': 'This is a buzz message.', 'author': 'Bob'}
2025-09-21 19:15:38 | INFO | Sent message to topic 'buzzline_json': {'message': 'Streaming data is fun.', 'author': 'Diana'}
2025-09-21 19:15:41 | INFO | Sent message to topic 'buzzline_json': {'message': 'Have a great day!', 'author': 'Bob'}
2025-09-21 19:15:44 | INFO | Sent message to topic 'buzzline_json': {'message': 'This is a buzz message.', 'author': 'Eve'}
2025-09-21 19:15:47 | INFO | Sent message to topic 'buzzline_json': {'message': 'Hello, Kafka world!', 'author': 'Bob'}
2025-09-21 19:15:50 | INFO | Sent message to topic 'buzzline_json': {'message': 'This is a buzz message.', 'author': 'Alice'}
2025-09-21 19:15:53 | INFO | Sent message to topic 'buzzline_json': {'message': 'Streaming data is fun.', 'author': 'Eve'}
2025-09-21 19:15:56 | INFO | Sent message to topic 'buzzline_json': {'message': 'Kafka is awesome.', 'author': 'Alice'}
2025-09-21 19:15:59 | INFO | Sent message to topic 'buzzline_json': {'message': 'JSON makes life easier.', 'author': 'Bob'}
2025-09-21 19:16:02 | INFO | Sent message to topic 'buzzline_json': {'message': 'This is a buzz message.', 'author': 'Charlie'}
2025-09-21 19:16:05 | INFO | Sent message to topic 'buzzline_json': {'message': 'Have a great day!', 'author': 'Diana'}
2025-09-21 19:16:08 | INFO | Sent message to topic 'buzzline_json': {'message': 'Distributed systems are fascinating.', 'author': 'Bob'}
2025-09-21 19:16:11 | INFO | Sent message to topic 'buzzline_json': {'message': 'Kafka is awesome.', 'author': 'Alice'}
2025-09-21 19:16:14 | INFO | Sent message to topic 'buzzline_json': {'message': 'Streaming data is fun.', 'author': 'Alice'}
2025-09-21 19:16:17 | INFO | Sent message to topic 'buzzline_json': {'message': 'Have a great day!', 'author': 'Diana'}
2025-09-21 19:16:20 | INFO | Sent message to topic 'buzzline_json': {'message': 'Streaming data is fun.', 'author': 'Alice'}
2025-09-21 19:16:23 | INFO | Sent message to topic 'buzzline_json': {'message': 'This is a buzz message.', 'author': 'Diana'}
2025-09-21 19:16:26 | INFO | Sent message to topic 'buzzline_json': {'message': 'Data engineering is my passion.', 'author': 'Bob'}
2025-09-21 19:16:29 | INFO | Sent message to topic 'buzzline_json': {'message': 'Have a great day!', 'author': 'Diana'}
2025-09-21 19:16:32 | INFO | Sent message to topic 'buzzline_json': {'message': 'Kafka is awesome.', 'author': 'Alice'}
2025-09-21 19:16:35 | INFO | Sent message to topic 'buzzline_json': {'message': 'Kafka is awesome.', 'author': 'Eve'}
2025-09-21 19:16:38 | INFO | Sent message to topic 'buzzline_json': {'message': 'Have a great day!', 'author': 'Diana'}
2025-09-21 19:16:41 | INFO | Sent message to topic 'buzzline_json': {'message': 'Buzz messages for everyone.', 'author': 'Charlie'}
2025-09-21 19:16:44 | INFO | Sent message to topic 'buzzline_json': {'message': 'This is a buzz message.', 'author': 'Charlie'}
2025-09-21 19:16:47 | INFO | Sent message to topic 'buzzline_json': {'message': 'Streaming data is fun.', 'author': 'Alice'}
2025-09-21 19:16:50 | INFO | Sent message to topic 'buzzline_json': {'message': 'Hello, Kafka world!', 'author': 'Diana'}
2025-09-21 19:16:53 | INFO | Sent message to topic 'buzzline_json': {'message': 'Kafka is awesome.', 'author': 'Bob'}
2025-09-21 19:16:56 | INFO | Sent message to topic 'buzzline_json': {'message': 'I love Python!', 'author': 'Eve'}
2025-09-21 19:16:59 | INFO | Sent message to topic 'buzzline_json': {'message': 'JSON makes life easier.', 'author': 'Charlie'}
2025-09-21 19:17:02 | INFO | Sent message to topic 'buzzline_json': {'message': 'I love Python!', 'author': 'Charlie'}
2025-09-21 19:17:05 | INFO | Sent message to topic 'buzzline_json': {'message': 'I love Python!', 'author': 'Charlie'}
2025-09-21 19:17:08 | INFO | Sent message to topic 'buzzline_json': {'message': 'I love Python!', 'author': 'Diana'}
2025-09-21 19:17:11 | INFO | Sent message to topic 'buzzline_json': {'message': 'Streaming data is fun.', 'author': 'Diana'}
2025-09-21 19:17:14 | INFO | Sent message to topic 'buzzline_json': {'message': 'Data engineering is my passion.', 'author': 'Eve'}
2025-09-21 19:17:17 | INFO | Sent message to topic 'buzzline_json': {'message': 'Buzz messages for everyone.', 'author': 'Eve'}
2025-09-21 19:17:20 | INFO | Sent message to topic 'buzzline_json': {'message': 'JSON makes life easier.', 'author': 'Eve'}
2025-09-21 19:17:23 | INFO | Sent message to topic 'buzzline_json': {'message': 'Have a great day!', 'author': 'Alice'}
2025-09-21 19:17:26 | INFO | Sent message to topic 'buzzline_json': {'message': 'I love Python!', 'author': 'Bob'}
2025-09-21 19:17:29 | INFO | Sent message to topic 'buzzline_json': {'message': 'I love Python!', 'author': 'Bob'}
2025-09-21 19:17:32 | INFO | Sent message to topic 'buzzline_json': {'message': 'This is a buzz message.', 'author': 'Eve'}
2025-09-21 19:17:35 | INFO | Sent message to topic 'buzzline_json': {'message': 'This is a buzz message.', 'author': 'Alice'}
2025-09-21 19:17:38 | INFO | Sent message to topic 'buzzline_json': {'message': 'Distributed systems are fascinating.', 'author': 'Diana'}
2025-09-21 19:17:39 | INFO | Logging to file: logs/project_log.log
2025-09-21 19:17:39 | INFO | Log sanitization enabled, personal info removed
2025-09-21 19:17:39 | INFO | START consumer.
2025-09-21 19:17:39 | INFO | Kafka topic: buzzline_json
2025-09-21 19:17:39 | INFO | Kafka consumer group id: buzz_group
2025-09-21 19:17:39 | INFO | Consumer: Topic 'buzzline_json' and group 'buzz_group'...
2025-09-21 19:17:39 | INFO | Kafka broker address: localhost:9092
2025-09-21 19:17:39 | INFO | Creating Kafka consumer. Topic='buzzline_json' and group ID='buzz_group'.
2025-09-21 19:17:39 | INFO | Kafka consumer created successfully.
2025-09-21 19:17:39 | INFO | Polling messages from topic 'buzzline_json'...
2025-09-21 19:17:39 | ERROR | Error while consuming messages: Invalid file descriptor: -1
2025-09-21 19:17:41 | INFO | Sent message to topic 'buzzline_json': {'message': 'Streaming data is fun.', 'author': 'Eve'}
2025-09-21 19:17:42 | INFO | Kafka consumer for topic 'buzzline_json' closed.
2025-09-21 19:17:42 | INFO | END consumer for topic 'buzzline_json' and group 'buzz_group'.
2025-09-21 19:17:44 | INFO | Sent message to topic 'buzzline_json': {'message': 'Have a great day!', 'author': 'Charlie'}
2025-09-21 19:17:47 | INFO | Sent message to topic 'buzzline_json': {'message': 'JSON makes life easier.', 'author': 'Eve'}
2025-09-21 19:17:50 | INFO | Sent message to topic 'buzzline_json': {'message': 'Buzz messages for everyone.', 'author': 'Diana'}
2025-09-21 19:17:51 | INFO | Logging to file: logs/project_log.log
2025-09-21 19:17:51 | INFO | Log sanitization enabled, personal info removed
2025-09-21 19:17:51 | INFO | START consumer.
2025-09-21 19:17:51 | INFO | Kafka topic: buzzline_json
2025-09-21 19:17:51 | INFO | Kafka consumer group id: buzz_group
2025-09-21 19:17:51 | INFO | Consumer: Topic 'buzzline_json' and group 'buzz_group'...
2025-09-21 19:17:51 | INFO | Kafka broker address: localhost:9092
2025-09-21 19:17:51 | INFO | Creating Kafka consumer. Topic='buzzline_json' and group ID='buzz_group'.
2025-09-21 19:17:51 | INFO | Kafka consumer created successfully.
2025-09-21 19:17:51 | INFO | Polling messages from topic 'buzzline_json'...
2025-09-21 19:17:53 | INFO | Sent message to topic 'buzzline_json': {'message': 'This is a buzz message.', 'author': 'Charlie'}
2025-09-21 19:17:54 | INFO | Processed JSON message: {'message': 'JSON makes life easier.', 'author': 'Diana'}
2025-09-21 19:17:54 | INFO | Message received from author: Diana
2025-09-21 19:17:54 | INFO | Updated author counts: {'Diana': 1}
2025-09-21 19:17:54 | INFO | Chart updated successfully for message: {"message": "JSON makes life easier.", "author": "Diana"}
2025-09-21 19:17:54 | INFO | Processed JSON message: {'message': 'Kafka is awesome.', 'author': 'Charlie'}
2025-09-21 19:17:54 | INFO | Message received from author: Charlie
2025-09-21 19:17:54 | INFO | Updated author counts: {'Diana': 1, 'Charlie': 1}
