2025-09-16 16:29:12 | INFO | Logging to file: logs/project_log.log
2025-09-16 16:29:12 | INFO | Log sanitization enabled, personal info removed
2025-09-16 16:29:12 | INFO | Project root: C:/Users/USER/Documents/datastream-01/buzzline-04-hanson
2025-09-16 16:29:12 | INFO | Data folder: C:/Users/USER/Documents/datastream-01/buzzline-04-hanson/data
2025-09-16 16:29:12 | INFO | Data file: C:/Users/USER/Documents/datastream-01/buzzline-04-hanson/data/buzz_live.json
2025-09-16 16:29:12 | INFO | START producer...
2025-09-16 16:29:12 | INFO | Hit CTRL c (or CMD c) to close.
2025-09-16 16:29:12 | INFO | Message interval: 3 seconds
2025-09-16 16:29:12 | INFO | {'message': 'I just found an app! It was boring.', 'author': 'Charlie'}
2025-09-16 16:29:15 | INFO | {'message': 'I just loved a meme! It was funny.', 'author': 'Bob'}
2025-09-16 16:29:18 | INFO | {'message': 'I just found a trick! It was funny.', 'author': 'Bob'}
2025-09-16 16:29:21 | INFO | {'message': 'I just shared a meme! It was amazing.', 'author': 'Eve'}
2025-09-16 16:29:24 | INFO | {'message': 'I just saw a story! It was funny.', 'author': 'Eve'}
2025-09-16 16:29:27 | INFO | {'message': 'I just found a story! It was weird.', 'author': 'Bob'}
2025-09-16 16:29:30 | INFO | {'message': 'I just loved a meme! It was exciting.', 'author': 'Bob'}
2025-09-16 16:29:33 | INFO | {'message': 'I just loved a movie! It was weird.', 'author': 'Eve'}
2025-09-16 16:29:36 | INFO | {'message': 'I just saw an app! It was exciting.', 'author': 'Bob'}
2025-09-16 16:29:39 | INFO | {'message': 'I just loved a movie! It was boring.', 'author': 'Charlie'}
2025-09-16 16:29:42 | INFO | {'message': 'I just found a movie! It was boring.', 'author': 'Eve'}
2025-09-16 16:29:45 | INFO | {'message': 'I just loved a meme! It was funny.', 'author': 'Alice'}
2025-09-16 16:29:46 | INFO | Logging to file: logs/project_log.log
2025-09-16 16:29:46 | INFO | Log sanitization enabled, personal info removed
2025-09-16 16:29:46 | INFO | Project root: C:/Users/USER/Documents/datastream-01/buzzline-04-hanson
2025-09-16 16:29:46 | INFO | Data folder: C:/Users/USER/Documents/datastream-01/buzzline-04-hanson/data
2025-09-16 16:29:46 | INFO | Data file: C:/Users/USER/Documents/datastream-01/buzzline-04-hanson/data/buzz_live.json
2025-09-16 16:29:47 | INFO | START consumer.
2025-09-16 16:29:48 | INFO | {'message': 'I just saw a story! It was weird.', 'author': 'Bob'}
2025-09-16 16:29:48 | INFO | Processed JSON message: {'message': 'I just saw a story! It was weird.', 'author': 'Bob'}
2025-09-16 16:29:48 | INFO | Message received from author: Bob
2025-09-16 16:29:48 | INFO | Updated author counts: {'Bob': 1}
2025-09-16 16:29:48 | INFO | Chart updated successfully for message: {"message": "I just saw a story! It was weird.", "author": "Bob"}

2025-09-16 16:29:51 | INFO | {'message': 'I just loved a meme! It was weird.', 'author': 'Eve'}
2025-09-16 16:29:51 | INFO | Processed JSON message: {'message': 'I just loved a meme! It was weird.', 'author': 'Eve'}
2025-09-16 16:29:51 | INFO | Message received from author: Eve
2025-09-16 16:29:51 | INFO | Updated author counts: {'Bob': 1, 'Eve': 1}
2025-09-16 16:29:52 | INFO | Chart updated successfully for message: {"message": "I just loved a meme! It was weird.", "author": "Eve"}

2025-09-16 16:29:54 | INFO | {'message': 'I just saw a movie! It was funny.', 'author': 'Alice'}
2025-09-16 16:29:55 | INFO | Processed JSON message: {'message': 'I just saw a movie! It was funny.', 'author': 'Alice'}
2025-09-16 16:29:55 | INFO | Message received from author: Alice
2025-09-16 16:29:55 | INFO | Updated author counts: {'Bob': 1, 'Eve': 1, 'Alice': 1}
2025-09-16 16:29:55 | INFO | Chart updated successfully for message: {"message": "I just saw a movie! It was funny.", "author": "Alice"}

2025-09-16 16:29:57 | INFO | {'message': 'I just tried a movie! It was boring.', 'author': 'Charlie'}
2025-09-16 16:29:58 | INFO | Processed JSON message: {'message': 'I just tried a movie! It was boring.', 'author': 'Charlie'}
2025-09-16 16:29:58 | INFO | Message received from author: Charlie
2025-09-16 16:29:58 | INFO | Updated author counts: {'Bob': 1, 'Eve': 1, 'Alice': 1, 'Charlie': 1}
2025-09-16 16:29:58 | INFO | Chart updated successfully for message: {"message": "I just tried a movie! It was boring.", "author": "Charlie"}

2025-09-16 16:30:00 | INFO | {'message': 'I just saw a movie! It was boring.', 'author': 'Charlie'}
2025-09-16 16:30:01 | INFO | Processed JSON message: {'message': 'I just saw a movie! It was boring.', 'author': 'Charlie'}
2025-09-16 16:30:01 | INFO | Message received from author: Charlie
2025-09-16 16:30:01 | INFO | Updated author counts: {'Bob': 1, 'Eve': 1, 'Alice': 1, 'Charlie': 2}
2025-09-16 16:30:01 | INFO | Chart updated successfully for message: {"message": "I just saw a movie! It was boring.", "author": "Charlie"}

2025-09-16 16:30:03 | INFO | {'message': 'I just saw a story! It was funny.', 'author': 'Bob'}
2025-09-16 16:30:04 | INFO | Processed JSON message: {'message': 'I just saw a story! It was funny.', 'author': 'Bob'}
2025-09-16 16:30:04 | INFO | Message received from author: Bob
2025-09-16 16:30:04 | INFO | Updated author counts: {'Bob': 2, 'Eve': 1, 'Alice': 1, 'Charlie': 2}
2025-09-16 16:30:04 | INFO | Chart updated successfully for message: {"message": "I just saw a story! It was funny.", "author": "Bob"}

2025-09-16 16:30:06 | INFO | {'message': 'I just loved an app! It was amazing.', 'author': 'Eve'}
2025-09-16 16:30:07 | INFO | Processed JSON message: {'message': 'I just loved an app! It was amazing.', 'author': 'Eve'}
2025-09-16 16:30:07 | INFO | Message received from author: Eve
2025-09-16 16:30:07 | INFO | Updated author counts: {'Bob': 2, 'Eve': 2, 'Alice': 1, 'Charlie': 2}
2025-09-16 16:30:07 | INFO | Chart updated successfully for message: {"message": "I just loved an app! It was amazing.", "author": "Eve"}

2025-09-16 16:30:09 | INFO | {'message': 'I just loved a meme! It was weird.', 'author': 'Eve'}
2025-09-16 16:30:10 | INFO | Processed JSON message: {'message': 'I just loved a meme! It was weird.', 'author': 'Eve'}
2025-09-16 16:30:10 | INFO | Message received from author: Eve
2025-09-16 16:30:10 | INFO | Updated author counts: {'Bob': 2, 'Eve': 3, 'Alice': 1, 'Charlie': 2}
2025-09-16 16:30:10 | INFO | Chart updated successfully for message: {"message": "I just loved a meme! It was weird.", "author": "Eve"}

2025-09-16 16:30:12 | INFO | {'message': 'I just saw a movie! It was boring.', 'author': 'Charlie'}
2025-09-16 16:30:12 | INFO | Processed JSON message: {'message': 'I just saw a movie! It was boring.', 'author': 'Charlie'}
2025-09-16 16:30:12 | INFO | Message received from author: Charlie
2025-09-16 16:30:12 | INFO | Updated author counts: {'Bob': 2, 'Eve': 3, 'Alice': 1, 'Charlie': 3}
2025-09-16 16:30:12 | INFO | Chart updated successfully for message: {"message": "I just saw a movie! It was boring.", "author": "Charlie"}

2025-09-16 16:30:15 | INFO | {'message': 'I just found a story! It was weird.', 'author': 'Eve'}
2025-09-16 16:30:15 | INFO | Processed JSON message: {'message': 'I just found a story! It was weird.', 'author': 'Eve'}
2025-09-16 16:30:15 | INFO | Message received from author: Eve
2025-09-16 16:30:15 | INFO | Updated author counts: {'Bob': 2, 'Eve': 4, 'Alice': 1, 'Charlie': 3}
2025-09-16 16:30:15 | INFO | Chart updated successfully for message: {"message": "I just found a story! It was weird.", "author": "Eve"}

2025-09-16 16:30:18 | INFO | {'message': 'I just tried an app! It was funny.', 'author': 'Eve'}
2025-09-16 16:30:18 | INFO | Processed JSON message: {'message': 'I just tried an app! It was funny.', 'author': 'Eve'}
2025-09-16 16:30:18 | INFO | Message received from author: Eve
2025-09-16 16:30:18 | INFO | Updated author counts: {'Bob': 2, 'Eve': 5, 'Alice': 1, 'Charlie': 3}
2025-09-16 16:30:18 | INFO | Chart updated successfully for message: {"message": "I just tried an app! It was funny.", "author": "Eve"}

2025-09-16 16:30:21 | INFO | Consumer interrupted by user.
2025-09-16 16:30:21 | INFO | {'message': 'I just saw a movie! It was amazing.', 'author': 'Alice'}
2025-09-16 16:30:24 | INFO | {'message': 'I just found a trick! It was boring.', 'author': 'Eve'}
2025-09-16 16:30:27 | INFO | {'message': 'I just loved a meme! It was amazing.', 'author': 'Alice'}
2025-09-16 16:30:30 | INFO | {'message': 'I just found a story! It was weird.', 'author': 'Alice'}
2025-09-16 16:30:33 | INFO | {'message': 'I just loved a movie! It was amazing.', 'author': 'Alice'}
2025-09-16 16:30:36 | INFO | {'message': 'I just shared a meme! It was funny.', 'author': 'Bob'}
2025-09-16 16:30:39 | INFO | {'message': 'I just saw a meme! It was amazing.', 'author': 'Charlie'}
2025-09-16 16:30:42 | INFO | {'message': 'I just tried a movie! It was exciting.', 'author': 'Alice'}
2025-09-16 16:30:44 | WARNING | Producer interrupted by user.
2025-09-16 16:30:44 | INFO | Producer shutting down.
